<?xml version="1.0" encoding="UTF-8"?>
<testsuite xmlns:xsi="http://www.w3.org/2001/XMLSchema-instance" xsi:noNamespaceSchemaLocation="https://maven.apache.org/surefire/maven-surefire-plugin/xsd/surefire-test-report.xsd" name="org.jarlinfonseca.junitapp.example.models.CuentaTest" time="8.436" tests="72" errors="0" skipped="8" failures="12">
  <properties>
[...]
</properties>
  <testcase name="testDineroInsuficienteExceptionCuenta" classname="org.jarlinfonseca.junitapp.example.models.CuentaTest" time="0.708"/>
  <testcase name="testSaldoCuentaDev" classname="org.jarlinfonseca.junitapp.example.models.CuentaTest" time="0">
    <skipped message="Assumption failed: assumption is not true" type="org.opentest4j.TestAbortedException">org.opentest4j.TestAbortedException: Assumption failed: assumption is not true
	at org.jarlinfonseca.junitapp.example.models.CuentaTest.testSaldoCuentaDev(CuentaTest.java:308)
</skipped>
    <system-out><![CDATA[iniciando el metodo.
Finalizando el método de prueba
]]></system-out>
  </testcase>
  <testcase name="testSaldoCuentaDev2" classname="org.jarlinfonseca.junitapp.example.models.CuentaTest" time="0.025"/>
  <testcase name="testRelacionBancoCuentas" classname="org.jarlinfonseca.junitapp.example.models.CuentaTest" time="0.038"/>
  <testcase name="testDebitoCuentaMethodSource{String}[1]" classname="org.jarlinfonseca.junitapp.example.models.CuentaTest" time="0.202"/>
  <testcase name="testDebitoCuentaMethodSource{String}[2]" classname="org.jarlinfonseca.junitapp.example.models.CuentaTest" time="0.012"/>
  <testcase name="testDebitoCuentaMethodSource{String}[3]" classname="org.jarlinfonseca.junitapp.example.models.CuentaTest" time="0.01"/>
  <testcase name="testDebitoCuentaMethodSource{String}[4]" classname="org.jarlinfonseca.junitapp.example.models.CuentaTest" time="0.011"/>
  <testcase name="testDebitoCuentaMethodSource{String}[5]" classname="org.jarlinfonseca.junitapp.example.models.CuentaTest" time="0.008"/>
  <testcase name="testDebitoCuentaMethodSource{String}[6]" classname="org.jarlinfonseca.junitapp.example.models.CuentaTest" time="0.041">
    <failure message="expected: &lt;true&gt; but was: &lt;false&gt;" type="org.opentest4j.AssertionFailedError"><![CDATA[org.opentest4j.AssertionFailedError: expected: <true> but was: <false>
	at org.jarlinfonseca.junitapp.example.models.CuentaTest.testDebitoCuentaMethodSource(CuentaTest.java:404)
]]></failure>
    <system-out><![CDATA[iniciando el metodo.
Finalizando el método de prueba
]]></system-out>
  </testcase>
  <testcase name="testDebitoCuentaRepetir{RepetitionInfo}[1]" classname="org.jarlinfonseca.junitapp.example.models.CuentaTest" time="0.01"/>
  <testcase name="testDebitoCuentaRepetir{RepetitionInfo}[2]" classname="org.jarlinfonseca.junitapp.example.models.CuentaTest" time="0.008"/>
  <testcase name="testDebitoCuentaRepetir{RepetitionInfo}[3]" classname="org.jarlinfonseca.junitapp.example.models.CuentaTest" time="0.059"/>
  <testcase name="testDebitoCuentaRepetir{RepetitionInfo}[4]" classname="org.jarlinfonseca.junitapp.example.models.CuentaTest" time="0.005"/>
  <testcase name="testDebitoCuentaRepetir{RepetitionInfo}[5]" classname="org.jarlinfonseca.junitapp.example.models.CuentaTest" time="0.013"/>
  <testcase name="pruebaTimeout2" classname="org.jarlinfonseca.junitapp.example.models.CuentaTest$EjemploTimeoutTest" time="0.968"/>
  <testcase name="testTimeoutAssertions" classname="org.jarlinfonseca.junitapp.example.models.CuentaTest$EjemploTimeoutTest" time="4.029"/>
  <testcase name="pruebaTimeout" classname="org.jarlinfonseca.junitapp.example.models.CuentaTest$EjemploTimeoutTest" time="0.106"/>
  <testcase name="testDebitoCuentaCsvSource2{String, String, String, String}[1]" classname="org.jarlinfonseca.junitapp.example.models.CuentaTest$PruebasParametrizadasTest" time="0.042">
    <failure message="expected: &lt;John&gt; but was: &lt;Andres&gt;" type="org.opentest4j.AssertionFailedError"><![CDATA[org.opentest4j.AssertionFailedError: expected: <John> but was: <Andres>
	at org.jarlinfonseca.junitapp.example.models.CuentaTest$PruebasParametrizadasTest.testDebitoCuentaCsvSource2(CuentaTest.java:370)
]]></failure>
    <system-out><![CDATA[iniciando el metodo.
200 -> 100
Finalizando el método de prueba
]]></system-out>
  </testcase>
  <testcase name="testDebitoCuentaCsvSource2{String, String, String, String}[2]" classname="org.jarlinfonseca.junitapp.example.models.CuentaTest$PruebasParametrizadasTest" time="0.006"/>
  <testcase name="testDebitoCuentaCsvSource2{String, String, String, String}[3]" classname="org.jarlinfonseca.junitapp.example.models.CuentaTest$PruebasParametrizadasTest" time="0.006">
    <failure message="expected: &lt;maria&gt; but was: &lt;Maria&gt;" type="org.opentest4j.AssertionFailedError"><![CDATA[org.opentest4j.AssertionFailedError: expected: <maria> but was: <Maria>
	at org.jarlinfonseca.junitapp.example.models.CuentaTest$PruebasParametrizadasTest.testDebitoCuentaCsvSource2(CuentaTest.java:370)
]]></failure>
    <system-out><![CDATA[iniciando el metodo.
300 -> 300
Finalizando el método de prueba
]]></system-out>
  </testcase>
  <testcase name="testDebitoCuentaCsvSource2{String, String, String, String}[4]" classname="org.jarlinfonseca.junitapp.example.models.CuentaTest$PruebasParametrizadasTest" time="0.004"/>
  <testcase name="testDebitoCuentaCsvSource2{String, String, String, String}[5]" classname="org.jarlinfonseca.junitapp.example.models.CuentaTest$PruebasParametrizadasTest" time="0.011">
    <failure message="expected: &lt;Lucas&gt; but was: &lt;Luca&gt;" type="org.opentest4j.AssertionFailedError"><![CDATA[org.opentest4j.AssertionFailedError: expected: <Lucas> but was: <Luca>
	at org.jarlinfonseca.junitapp.example.models.CuentaTest$PruebasParametrizadasTest.testDebitoCuentaCsvSource2(CuentaTest.java:370)
]]></failure>
    <system-out><![CDATA[iniciando el metodo.
750 -> 700
Finalizando el método de prueba
]]></system-out>
  </testcase>
  <testcase name="testDebitoCuentaCsvSource2{String, String, String, String}[6]" classname="org.jarlinfonseca.junitapp.example.models.CuentaTest$PruebasParametrizadasTest" time="0.008">
    <failure message="expected: &lt;true&gt; but was: &lt;false&gt;" type="org.opentest4j.AssertionFailedError"><![CDATA[org.opentest4j.AssertionFailedError: expected: <true> but was: <false>
	at org.jarlinfonseca.junitapp.example.models.CuentaTest$PruebasParametrizadasTest.testDebitoCuentaCsvSource2(CuentaTest.java:371)
]]></failure>
    <system-out><![CDATA[iniciando el metodo.
1000.12345 -> 1000.12345
Finalizando el método de prueba
]]></system-out>
  </testcase>
  <testcase name="testDebitoCuentaCsvSource{String, String}[1]" classname="org.jarlinfonseca.junitapp.example.models.CuentaTest$PruebasParametrizadasTest" time="0.012"/>
  <testcase name="testDebitoCuentaCsvSource{String, String}[2]" classname="org.jarlinfonseca.junitapp.example.models.CuentaTest$PruebasParametrizadasTest" time="0.009"/>
  <testcase name="testDebitoCuentaCsvSource{String, String}[3]" classname="org.jarlinfonseca.junitapp.example.models.CuentaTest$PruebasParametrizadasTest" time="0.012"/>
  <testcase name="testDebitoCuentaCsvSource{String, String}[4]" classname="org.jarlinfonseca.junitapp.example.models.CuentaTest$PruebasParametrizadasTest" time="0.005"/>
  <testcase name="testDebitoCuentaCsvSource{String, String}[5]" classname="org.jarlinfonseca.junitapp.example.models.CuentaTest$PruebasParametrizadasTest" time="0.015"/>
  <testcase name="testDebitoCuentaCsvSource{String, String}[6]" classname="org.jarlinfonseca.junitapp.example.models.CuentaTest$PruebasParametrizadasTest" time="0.008">
    <failure message="expected: &lt;true&gt; but was: &lt;false&gt;" type="org.opentest4j.AssertionFailedError"><![CDATA[org.opentest4j.AssertionFailedError: expected: <true> but was: <false>
	at org.jarlinfonseca.junitapp.example.models.CuentaTest$PruebasParametrizadasTest.testDebitoCuentaCsvSource(CuentaTest.java:357)
]]></failure>
    <system-out><![CDATA[iniciando el metodo.
6 -> 1000.12345
Finalizando el método de prueba
]]></system-out>
  </testcase>
  <testcase name="testDebitoCuentaCsvFileSource{String}[1]" classname="org.jarlinfonseca.junitapp.example.models.CuentaTest$PruebasParametrizadasTest" time="0.008"/>
  <testcase name="testDebitoCuentaCsvFileSource{String}[2]" classname="org.jarlinfonseca.junitapp.example.models.CuentaTest$PruebasParametrizadasTest" time="0.007"/>
  <testcase name="testDebitoCuentaCsvFileSource{String}[3]" classname="org.jarlinfonseca.junitapp.example.models.CuentaTest$PruebasParametrizadasTest" time="0.006"/>
  <testcase name="testDebitoCuentaCsvFileSource{String}[4]" classname="org.jarlinfonseca.junitapp.example.models.CuentaTest$PruebasParametrizadasTest" time="0.008"/>
  <testcase name="testDebitoCuentaCsvFileSource{String}[5]" classname="org.jarlinfonseca.junitapp.example.models.CuentaTest$PruebasParametrizadasTest" time="0.005"/>
  <testcase name="testDebitoCuentaCsvFileSource{String}[6]" classname="org.jarlinfonseca.junitapp.example.models.CuentaTest$PruebasParametrizadasTest" time="0.005"/>
  <testcase name="testDebitoCuentaCsvFileSource{String}[7]" classname="org.jarlinfonseca.junitapp.example.models.CuentaTest$PruebasParametrizadasTest" time="0.007">
    <failure message="expected: &lt;true&gt; but was: &lt;false&gt;" type="org.opentest4j.AssertionFailedError"><![CDATA[org.opentest4j.AssertionFailedError: expected: <true> but was: <false>
	at org.jarlinfonseca.junitapp.example.models.CuentaTest$PruebasParametrizadasTest.testDebitoCuentaCsvFileSource(CuentaTest.java:379)
]]></failure>
    <system-out><![CDATA[iniciando el metodo.
Finalizando el método de prueba
]]></system-out>
  </testcase>
  <testcase name="testDebitoCuentaCsvFileSource2{String, String, String, String}[1]" classname="org.jarlinfonseca.junitapp.example.models.CuentaTest$PruebasParametrizadasTest" time="0.014">
    <failure message="expected: &lt;John&gt; but was: &lt;Andres&gt;" type="org.opentest4j.AssertionFailedError"><![CDATA[org.opentest4j.AssertionFailedError: expected: <John> but was: <Andres>
	at org.jarlinfonseca.junitapp.example.models.CuentaTest$PruebasParametrizadasTest.testDebitoCuentaCsvFileSource2(CuentaTest.java:391)
]]></failure>
    <system-out><![CDATA[iniciando el metodo.
Finalizando el método de prueba
]]></system-out>
  </testcase>
  <testcase name="testDebitoCuentaCsvFileSource2{String, String, String, String}[2]" classname="org.jarlinfonseca.junitapp.example.models.CuentaTest$PruebasParametrizadasTest" time="0.005"/>
  <testcase name="testDebitoCuentaCsvFileSource2{String, String, String, String}[3]" classname="org.jarlinfonseca.junitapp.example.models.CuentaTest$PruebasParametrizadasTest" time="0.015">
    <failure message="expected: &lt;maria&gt; but was: &lt;Maria&gt;" type="org.opentest4j.AssertionFailedError"><![CDATA[org.opentest4j.AssertionFailedError: expected: <maria> but was: <Maria>
	at org.jarlinfonseca.junitapp.example.models.CuentaTest$PruebasParametrizadasTest.testDebitoCuentaCsvFileSource2(CuentaTest.java:391)
]]></failure>
    <system-out><![CDATA[iniciando el metodo.
Finalizando el método de prueba
]]></system-out>
  </testcase>
  <testcase name="testDebitoCuentaCsvFileSource2{String, String, String, String}[4]" classname="org.jarlinfonseca.junitapp.example.models.CuentaTest$PruebasParametrizadasTest" time="0.008"/>
  <testcase name="testDebitoCuentaCsvFileSource2{String, String, String, String}[5]" classname="org.jarlinfonseca.junitapp.example.models.CuentaTest$PruebasParametrizadasTest" time="0.007">
    <failure message="expected: &lt;Lucas&gt; but was: &lt;Luca&gt;" type="org.opentest4j.AssertionFailedError"><![CDATA[org.opentest4j.AssertionFailedError: expected: <Lucas> but was: <Luca>
	at org.jarlinfonseca.junitapp.example.models.CuentaTest$PruebasParametrizadasTest.testDebitoCuentaCsvFileSource2(CuentaTest.java:391)
]]></failure>
    <system-out><![CDATA[iniciando el metodo.
Finalizando el método de prueba
]]></system-out>
  </testcase>
  <testcase name="testDebitoCuentaCsvFileSource2{String, String, String, String}[6]" classname="org.jarlinfonseca.junitapp.example.models.CuentaTest$PruebasParametrizadasTest" time="0.006">
    <failure message="expected: &lt;true&gt; but was: &lt;false&gt;" type="org.opentest4j.AssertionFailedError"><![CDATA[org.opentest4j.AssertionFailedError: expected: <true> but was: <false>
	at org.jarlinfonseca.junitapp.example.models.CuentaTest$PruebasParametrizadasTest.testDebitoCuentaCsvFileSource2(CuentaTest.java:393)
]]></failure>
    <system-out><![CDATA[iniciando el metodo.
Finalizando el método de prueba
]]></system-out>
  </testcase>
  <testcase name="testDebitoCuentaValueSource{String}[1]" classname="org.jarlinfonseca.junitapp.example.models.CuentaTest$PruebasParametrizadasTest" time="0.004"/>
  <testcase name="testDebitoCuentaValueSource{String}[2]" classname="org.jarlinfonseca.junitapp.example.models.CuentaTest$PruebasParametrizadasTest" time="0.005"/>
  <testcase name="testDebitoCuentaValueSource{String}[3]" classname="org.jarlinfonseca.junitapp.example.models.CuentaTest$PruebasParametrizadasTest" time="0.009"/>
  <testcase name="testDebitoCuentaValueSource{String}[4]" classname="org.jarlinfonseca.junitapp.example.models.CuentaTest$PruebasParametrizadasTest" time="0.005"/>
  <testcase name="testDebitoCuentaValueSource{String}[5]" classname="org.jarlinfonseca.junitapp.example.models.CuentaTest$PruebasParametrizadasTest" time="0.008"/>
  <testcase name="testDebitoCuentaValueSource{String}[6]" classname="org.jarlinfonseca.junitapp.example.models.CuentaTest$PruebasParametrizadasTest" time="0.007">
    <failure message="expected: &lt;true&gt; but was: &lt;false&gt;" type="org.opentest4j.AssertionFailedError"><![CDATA[org.opentest4j.AssertionFailedError: expected: <true> but was: <false>
	at org.jarlinfonseca.junitapp.example.models.CuentaTest$PruebasParametrizadasTest.testDebitoCuentaValueSource(CuentaTest.java:348)
]]></failure>
    <system-out><![CDATA[iniciando el metodo.
Finalizando el método de prueba
]]></system-out>
  </testcase>
  <testcase name="testProcesadores" classname="org.jarlinfonseca.junitapp.example.models.CuentaTest$VariableAmbienteTest" time="0.008"/>
  <testcase name="testEnv" classname="org.jarlinfonseca.junitapp.example.models.CuentaTest$VariableAmbienteTest" time="0">
    <skipped message="Environment variable [ENVIRONMENT] does not exist"/>
  </testcase>
  <testcase name="testEnvProdDisabled" classname="org.jarlinfonseca.junitapp.example.models.CuentaTest$VariableAmbienteTest" time="0.006"/>
  <testcase name="testJavaHome" classname="org.jarlinfonseca.junitapp.example.models.CuentaTest$VariableAmbienteTest" time="0.004"/>
  <testcase name="imprimirVariablesAmbiente" classname="org.jarlinfonseca.junitapp.example.models.CuentaTest$VariableAmbienteTest" time="0.286"/>
  <testcase name="testDev" classname="org.jarlinfonseca.junitapp.example.models.CuentaTest$SistemPropertiesTest" time="0">
    <skipped message="System property [ENV] does not exist"/>
  </testcase>
  <testcase name="testNO64" classname="org.jarlinfonseca.junitapp.example.models.CuentaTest$SistemPropertiesTest" time="0">
    <skipped message="System property [os.arch] with value [amd64] does not match regular expression [.*32.*]"/>
  </testcase>
  <testcase name="testUsername" classname="org.jarlinfonseca.junitapp.example.models.CuentaTest$SistemPropertiesTest" time="0.033"/>
  <testcase name="testJavaVersion" classname="org.jarlinfonseca.junitapp.example.models.CuentaTest$SistemPropertiesTest" time="0.011"/>
  <testcase name="imprimirSystemProperties" classname="org.jarlinfonseca.junitapp.example.models.CuentaTest$SistemPropertiesTest" time="0.24"/>
  <testcase name="testSolo64" classname="org.jarlinfonseca.junitapp.example.models.CuentaTest$SistemPropertiesTest" time="0.005"/>
  <testcase name="soloJdk11" classname="org.jarlinfonseca.junitapp.example.models.CuentaTest$JavaVersionTest" time="0.006"/>
  <testcase name="soloJdk8" classname="org.jarlinfonseca.junitapp.example.models.CuentaTest$JavaVersionTest" time="0">
    <skipped message="Disabled on JRE version: 11.0.17"/>
  </testcase>
  <testcase name="testNoJdk11" classname="org.jarlinfonseca.junitapp.example.models.CuentaTest$JavaVersionTest" time="0">
    <skipped message="Disabled on JRE version: 11.0.17"/>
  </testcase>
  <testcase name="testNoWindows" classname="org.jarlinfonseca.junitapp.example.models.CuentaTest$SistemaOperativoTest" time="0">
    <skipped message="Disabled on operating system: Windows 10"/>
  </testcase>
  <testcase name="testSoloLinuxMac" classname="org.jarlinfonseca.junitapp.example.models.CuentaTest$SistemaOperativoTest" time="0">
    <skipped message="Disabled on operating system: Windows 10"/>
  </testcase>
  <testcase name="testSoloWindows" classname="org.jarlinfonseca.junitapp.example.models.CuentaTest$SistemaOperativoTest" time="0.004"/>
  <testcase name="testCreditoCuenta" classname="org.jarlinfonseca.junitapp.example.models.CuentaTest$CuentaOperacionesTest" time="0.01"/>
  <testcase name="testDebitoCuenta" classname="org.jarlinfonseca.junitapp.example.models.CuentaTest$CuentaOperacionesTest" time="0.006"/>
  <testcase name="testTransferirDineroCuentas" classname="org.jarlinfonseca.junitapp.example.models.CuentaTest$CuentaOperacionesTest" time="0.016"/>
  <testcase name="testSaldoCuenta" classname="org.jarlinfonseca.junitapp.example.models.CuentaTest$CuentaTestNombreSaldo" time="0.015"/>
  <testcase name="testReferenciaCuenta" classname="org.jarlinfonseca.junitapp.example.models.CuentaTest$CuentaTestNombreSaldo" time="0.006"/>
  <testcase name="testNombreCuenta" classname="org.jarlinfonseca.junitapp.example.models.CuentaTest$CuentaTestNombreSaldo" time="0.007"/>
</testsuite>